<?xml version="1.0" encoding="UTF-8"?>
<!-- Generated by org.testng.reporters.JUnitReportReporter -->
<testsuite hostname="DESKTOP-S9V4H7S" failures="0" tests="4" name="com.meesho.MeeshoAutomation" time="20.661" errors="0" timestamp="11 Jul 2024 14:40:40 GMT" skipped="0">
  <testcase classname="com.meesho.MeeshoAutomation" name="search" time="6.876"/>
  <testcase classname="com.meesho.MeeshoAutomation" name="shoe" time="6.544"/>
  <testcase classname="com.meesho.MeeshoAutomation" name="launch" time="3.754"/>
  <testcase classname="com.meesho.MeeshoAutomation" name="product_filter" time="3.487"/>
</testsuite> <!-- com.meesho.MeeshoAutomation -->
